<?xml version="1.0" encoding="UTF-8"?>
<!-- Generated by org.testng.reporters.JUnitXMLReporter -->
<testsuite ignored="0" hostname="MacBookPro.attlocal.net" failures="0" tests="2" name="Negative Login Tests" time="8.942" errors="0" timestamp="2025-03-07T14:08:41 CST">
  <testcase classname="com.practicetestautomation.tests.login.NegativeLoginTests" name="incorrectPasswordTest" time="4.049"/>
  <testcase classname="com.practicetestautomation.tests.login.NegativeLoginTests" name="incorrectUsernameTest" time="4.889"/>
</testsuite> <!-- Negative Login Tests -->
